<?xml version="1.0" encoding="UTF-8"?>
<testsuite name="com.moodanalyzer.MoodAnalyzerTest" tests="1" skipped="0" failures="0" errors="0" timestamp="2020-05-01T13:39:00" hostname="DESKTOP-VV7QFND" time="0.011">
  <properties/>
  <testcase name="givenMessage_WhenEmpty_ShouldReturnEmptyMessage" classname="com.moodanalyzer.MoodAnalyzerTest" time="0.011"/>
  <system-out><![CDATA[]]></system-out>
  <system-err><![CDATA[]]></system-err>
</testsuite>
