<?xml version="1.0" encoding="UTF-8"?>
<testsuite name="com.moodanalyzer.MoodAnalyzerTest" tests="1" skipped="0" failures="0" errors="0" timestamp="2020-05-01T13:23:59" hostname="DESKTOP-VV7QFND" time="0.012">
  <properties/>
  <testcase name="givenMessage_WhenNull_ShouldReturnInvalidMessage" classname="com.moodanalyzer.MoodAnalyzerTest" time="0.012"/>
  <system-out><![CDATA[]]></system-out>
  <system-err><![CDATA[]]></system-err>
</testsuite>
