<?xml version="1.0" encoding="UTF-8"?>
<testsuite name="com.moodanalyzer.MoodAnalyzerTest" tests="1" skipped="0" failures="0" errors="0" timestamp="2020-05-01T12:28:14" hostname="DESKTOP-VV7QFND" time="0.003">
  <properties/>
  <testcase name="givenMessage_WhenSad_ShouldReturnSAD" classname="com.moodanalyzer.MoodAnalyzerTest" time="0.003"/>
  <system-out><![CDATA[]]></system-out>
  <system-err><![CDATA[]]></system-err>
</testsuite>
